
Showing logs for build [32mcb-kubecd-environment-pr-243-4-p64d9-1[0m stage [32mfrom-build-pack[0m and container [32mstep-credential-initializer-k4wpr[0m
{"level":"info","ts":1593139223.0199733,"logger":"fallback-logger","caller":"logging/config.go:69","msg":"Fetch GitHub commit ID from kodata failed: open /var/run/ko/refs/heads/0.8.0-ns-support: no such file or directory"}
{"level":"info","ts":1593139223.0206418,"logger":"fallback-logger","caller":"creds-init/main.go:40","msg":"Credentials initialized."}

Showing logs for build [32mcb-kubecd-environment-pr-243-4-p64d9-1[0m stage [32mfrom-build-pack[0m and container [32mstep-working-dir-initializer-78w5t[0m
{"level":"info","ts":1593139224.3763587,"logger":"fallback-logger","caller":"logging/config.go:69","msg":"Fetch GitHub commit ID from kodata failed: open /var/run/ko/HEAD: no such file or directory"}
{"level":"info","ts":1593139224.3779218,"logger":"fallback-logger","caller":"bash/main.go:64","msg":"Successfully executed command \"sh -c mkdir -p /workspace/source\"; output "}

Showing logs for build [32mcb-kubecd-environment-pr-243-4-p64d9-1[0m stage [32mfrom-build-pack[0m and container [32mstep-place-tools[0m

Showing logs for build [32mcb-kubecd-environment-pr-243-4-p64d9-1[0m stage [32mfrom-build-pack[0m and container [32mstep-git-source-cb-kubecd-environment-pr-243-4-p64d9-c9tj5[0m
{"level":"info","ts":1593139252.516164,"logger":"fallback-logger","caller":"logging/config.go:69","msg":"Fetch GitHub commit ID from kodata failed: open /var/run/ko/refs/heads/0.8.0-ns-support: no such file or directory"}
{"level":"info","ts":1593139253.5818439,"logger":"fallback-logger","caller":"git/git.go:103","msg":"Successfully cloned https://github.com/cb-kubecd/environment-pr-243-4-gke-upgrade-staging.git @ master in path /workspace/source"}

Showing logs for build [32mcb-kubecd-environment-pr-243-4-p64d9-1[0m stage [32mfrom-build-pack[0m and container [32mstep-setup-builder-home[0m

Showing logs for build [32mcb-kubecd-environment-pr-243-4-p64d9-1[0m stage [32mfrom-build-pack[0m and container [32mstep-git-merge[0m
Using SHAs from PULL_REFS=master:00e3d761ada8c3a86d349889ddb6ad58a012f65d,1:430704b6d2322ff32b9990ef4c4cd3eb990edb8b
DEBUG: LC_ALL=C JX_LOG_LEVEL=error git fetch origin --unshallow 430704b6d2322ff32b9990ef4c4cd3eb990edb8b: 00e3d761ada8c3a86d349889ddb6ad58a012f65d:
DEBUG: ran git fetch --unshallow origin 430704b6d2322ff32b9990ef4c4cd3eb990edb8b: 00e3d761ada8c3a86d349889ddb6ad58a012f65d: in 
DEBUG: LC_ALL=C JX_LOG_LEVEL=error git branch
DEBUG: JX_LOG_LEVEL=error LC_ALL=C git checkout master
DEBUG: ran git checkout master in 
DEBUG: LC_ALL=C JX_LOG_LEVEL=error git reset --hard 00e3d761ada8c3a86d349889ddb6ad58a012f65d
DEBUG: ran git reset --hard 00e3d761ada8c3a86d349889ddb6ad58a012f65d in 
DEBUG: LC_ALL=C JX_LOG_LEVEL=error git clean -fd .
DEBUG: ran clean --force -d . in 
DEBUG: LC_ALL=C JX_LOG_LEVEL=error git merge 430704b6d2322ff32b9990ef4c4cd3eb990edb8b
DEBUG: ran git merge 430704b6d2322ff32b9990ef4c4cd3eb990edb8b in 
DEBUG: LC_ALL=C JX_LOG_LEVEL=error git log --format=%H%x1f%an%x1f%ae%x1f%cn%x1f%ce%x1f%s%n%b%x1e 00e3d761ada8c3a86d349889ddb6ad58a012f65d..HEAD
Merged SHA 430704b6d2322ff32b9990ef4c4cd3eb990edb8b with commit message 'chore: Promote bdd-spring-1593138805 to version 0.0.1' into base branch master

Showing logs for build [32mcb-kubecd-environment-pr-243-4-p64d9-1[0m stage [32mfrom-build-pack[0m and container [32mstep-build-helm-build[0m
WARNING: No $CHART_REPOSITORY defined so using the default value of: http://jenkins-x-chartmuseum:8080
Adding missing Helm repo: storage.googleapis.com https://storage.googleapis.com/chartmuseum.jenkins-x.io
WARNING: No secrets found on "helm/repos" due: reading the secret "helm/repos" from vault: no secret "helm/repos" not found in vault
Read credentials for https://storage.googleapis.com/chartmuseum.jenkins-x.io from vault helm/repos
Successfully added Helm repository storage.googleapis.com.
Adding missing Helm repo: jenkins-x-chartmuseum http://jenkins-x-chartmuseum:8080
WARNING: No secrets found on "helm/repos" due: reading the secret "helm/repos" from vault: no secret "helm/repos" not found in vault
Read credentials for http://jenkins-x-chartmuseum:8080 from vault helm/repos
Successfully added Helm repository jenkins-x-chartmuseum.
WARNING: No $CHART_REPOSITORY defined so using the default value of: http://jenkins-x-chartmuseum:8080
Adding missing Helm repo: chartmuseum.jenkins-x.io http://chartmuseum.jenkins-x.io
WARNING: No secrets found on "helm/repos" due: reading the secret "helm/repos" from vault: no secret "helm/repos" not found in vault
Read credentials for http://chartmuseum.jenkins-x.io from vault helm/repos
Successfully added Helm repository chartmuseum.jenkins-x.io.
